<?xml version="1.0" encoding="UTF-8"?>
<testsuite xmlns:xsi="http://www.w3.org/2001/XMLSchema-instance" xsi:noNamespaceSchemaLocation="https://maven.apache.org/surefire/maven-surefire-plugin/xsd/surefire-test-report-3.0.xsd" version="3.0" name="ru.geekbrains.geocatalog.controller.BasePointControllerTest" time="6.543" tests="11" errors="0" skipped="0" failures="0">
  <properties>
[...]
</properties>
  <testcase name="getAllBasePointsTest" classname="ru.geekbrains.geocatalog.controller.BasePointControllerTest" time="0.672">
    <system-out><![CDATA[2024-05-03T08:24:58.965+03:00  INFO 7639 --- [geocatalog] [           main] t.c.s.AnnotationConfigContextLoaderUtils : Could not detect default configuration classes for test class [ru.geekbrains.geocatalog.controller.BasePointControllerTest]: BasePointControllerTest does not declare any static, non-private, non-final, nested classes annotated with @Configuration.
2024-05-03T08:24:59.078+03:00  INFO 7639 --- [geocatalog] [           main] .b.t.c.SpringBootTestContextBootstrapper : Found @SpringBootConfiguration ru.geekbrains.geocatalog.GeoCatalogApplication for test class ru.geekbrains.geocatalog.controller.BasePointControllerTest

  .   ____          _            __ _ _
 /\\ / ___'_ __ _ _(_)_ __  __ _ \ \ \ \
( ( )\___ | '_ | '_| | '_ \/ _` | \ \ \ \
 \\/  ___)| |_)| | | | | || (_| |  ) ) ) )
  '  |____| .__|_| |_|_| |_\__, | / / / /
 =========|_|==============|___/=/_/_/_/
 :: Spring Boot ::                (v3.2.5)

2024-05-03T08:24:59.146+03:00  INFO 7639 --- [geocatalog] [           main] r.g.g.c.BasePointControllerTest          : Starting BasePointControllerTest using Java 17.0.10 with PID 7639 (started by andrew in /home/andrew/MyProjects/diploma/geocatalog)
2024-05-03T08:24:59.147+03:00  INFO 7639 --- [geocatalog] [           main] r.g.g.c.BasePointControllerTest          : The following 1 profile is active: "test"
2024-05-03T08:24:59.949+03:00  INFO 7639 --- [geocatalog] [           main] .s.d.r.c.RepositoryConfigurationDelegate : Bootstrapping Spring Data JPA repositories in DEFAULT mode.
2024-05-03T08:25:00.105+03:00  INFO 7639 --- [geocatalog] [           main] .s.d.r.c.RepositoryConfigurationDelegate : Finished Spring Data repository scanning in 145 ms. Found 1 JPA repository interface.
2024-05-03T08:25:00.745+03:00  INFO 7639 --- [geocatalog] [           main] o.s.b.w.embedded.tomcat.TomcatWebServer  : Tomcat initialized with port 8180 (http)
2024-05-03T08:25:00.757+03:00  INFO 7639 --- [geocatalog] [           main] o.apache.catalina.core.StandardService   : Starting service [Tomcat]
2024-05-03T08:25:00.758+03:00  INFO 7639 --- [geocatalog] [           main] o.apache.catalina.core.StandardEngine    : Starting Servlet engine: [Apache Tomcat/10.1.20]
2024-05-03T08:25:00.820+03:00  INFO 7639 --- [geocatalog] [           main] o.a.c.c.C.[Tomcat].[localhost].[/]       : Initializing Spring embedded WebApplicationContext
2024-05-03T08:25:00.821+03:00  INFO 7639 --- [geocatalog] [           main] w.s.c.ServletWebServerApplicationContext : Root WebApplicationContext: initialization completed in 1663 ms
2024-05-03T08:25:00.998+03:00  INFO 7639 --- [geocatalog] [           main] o.hibernate.jpa.internal.util.LogHelper  : HHH000204: Processing PersistenceUnitInfo [name: default]
2024-05-03T08:25:01.050+03:00  INFO 7639 --- [geocatalog] [           main] org.hibernate.Version                    : HHH000412: Hibernate ORM core version 6.4.4.Final
2024-05-03T08:25:01.097+03:00  INFO 7639 --- [geocatalog] [           main] o.h.c.internal.RegionFactoryInitiator    : HHH000026: Second-level cache disabled
2024-05-03T08:25:01.201+03:00  INFO 7639 --- [geocatalog] [           main] o.s.o.j.p.SpringPersistenceUnitInfo      : No LoadTimeWeaver setup: ignoring JPA class transformer
2024-05-03T08:25:01.227+03:00  INFO 7639 --- [geocatalog] [           main] com.zaxxer.hikari.HikariDataSource       : HikariPool-1 - Starting...
2024-05-03T08:25:01.427+03:00  INFO 7639 --- [geocatalog] [           main] com.zaxxer.hikari.pool.HikariPool        : HikariPool-1 - Added connection conn0: url=jdbc:h2:mem:test user=ANDREW
2024-05-03T08:25:01.429+03:00  INFO 7639 --- [geocatalog] [           main] com.zaxxer.hikari.HikariDataSource       : HikariPool-1 - Start completed.
2024-05-03T08:25:02.203+03:00  INFO 7639 --- [geocatalog] [           main] o.h.e.t.j.p.i.JtaPlatformInitiator       : HHH000489: No JTA platform available (set 'hibernate.transaction.jta.platform' to enable JTA platform integration)
Hibernate: drop table if exists points cascade 
Hibernate: create table points (id bigint generated by default as identity, x bigint, y bigint, z bigint, accuracy_class varchar(255), coordinate_system varchar(255), name varchar(255), sheet varchar(255), primary key (id))
2024-05-03T08:25:02.238+03:00  INFO 7639 --- [geocatalog] [           main] j.LocalContainerEntityManagerFactoryBean : Initialized JPA EntityManagerFactory for persistence unit 'default'
2024-05-03T08:25:02.557+03:00  INFO 7639 --- [geocatalog] [           main] o.s.d.j.r.query.QueryEnhancerFactory     : Hibernate is in classpath; If applicable, HQL parser will be used.
2024-05-03T08:25:03.338+03:00  WARN 7639 --- [geocatalog] [           main] JpaBaseConfiguration$JpaWebConfiguration : spring.jpa.open-in-view is enabled by default. Therefore, database queries may be performed during view rendering. Explicitly configure spring.jpa.open-in-view to disable this warning
2024-05-03T08:25:03.993+03:00  INFO 7639 --- [geocatalog] [           main] o.s.b.w.embedded.tomcat.TomcatWebServer  : Tomcat started on port 8180 (http) with context path ''
Hibernate: insert into points (accuracy_class,coordinate_system,name,sheet,x,y,z,id) values (?,?,?,?,?,?,?,default)
Hibernate: insert into points (accuracy_class,coordinate_system,name,sheet,x,y,z,id) values (?,?,?,?,?,?,?,default)
Hibernate: insert into points (accuracy_class,coordinate_system,name,sheet,x,y,z,id) values (?,?,?,?,?,?,?,default)
Hibernate: insert into points (accuracy_class,coordinate_system,name,sheet,x,y,z,id) values (?,?,?,?,?,?,?,default)
Hibernate: insert into points (accuracy_class,coordinate_system,name,sheet,x,y,z,id) values (?,?,?,?,?,?,?,default)
Hibernate: insert into points (accuracy_class,coordinate_system,name,sheet,x,y,z,id) values (?,?,?,?,?,?,?,default)
Hibernate: insert into points (accuracy_class,coordinate_system,name,sheet,x,y,z,id) values (?,?,?,?,?,?,?,default)
2024-05-03T08:25:04.095+03:00  INFO 7639 --- [geocatalog] [           main] r.g.g.c.BasePointControllerTest          : Started BasePointControllerTest in 5.012 seconds (process running for 8.626)
Hibernate: select bp1_0.id,bp1_0.accuracy_class,bp1_0.coordinate_system,bp1_0.name,bp1_0.sheet,bp1_0.x,bp1_0.y,bp1_0.z from points bp1_0
Hibernate: delete from points where id=?
Hibernate: delete from points where id=?
Hibernate: delete from points where id=?
Hibernate: delete from points where id=?
Hibernate: delete from points where id=?
Hibernate: delete from points where id=?
Hibernate: delete from points where id=?
Hibernate: insert into points (accuracy_class,coordinate_system,name,sheet,x,y,z,id) values (?,?,?,?,?,?,?,default)
Hibernate: insert into points (accuracy_class,coordinate_system,name,sheet,x,y,z,id) values (?,?,?,?,?,?,?,default)
2024-05-03T08:25:04.729+03:00  INFO 7639 --- [geocatalog] [nio-8180-exec-1] o.a.c.c.C.[Tomcat].[localhost].[/]       : Initializing Spring DispatcherServlet 'dispatcherServlet'
2024-05-03T08:25:04.730+03:00  INFO 7639 --- [geocatalog] [nio-8180-exec-1] o.s.web.servlet.DispatcherServlet        : Initializing Servlet 'dispatcherServlet'
2024-05-03T08:25:04.732+03:00  INFO 7639 --- [geocatalog] [nio-8180-exec-1] o.s.web.servlet.DispatcherServlet        : Completed initialization in 1 ms
Hibernate: select bp1_0.id,bp1_0.accuracy_class,bp1_0.coordinate_system,bp1_0.name,bp1_0.sheet,bp1_0.x,bp1_0.y,bp1_0.z from points bp1_0
]]></system-out>
  </testcase>
  <testcase name="createBasePointTest" classname="ru.geekbrains.geocatalog.controller.BasePointControllerTest" time="0.096">
    <system-out><![CDATA[Hibernate: select bp1_0.id,bp1_0.accuracy_class,bp1_0.coordinate_system,bp1_0.name,bp1_0.sheet,bp1_0.x,bp1_0.y,bp1_0.z from points bp1_0
Hibernate: delete from points where id=?
Hibernate: delete from points where id=?
Hibernate: insert into points (accuracy_class,coordinate_system,name,sheet,x,y,z,id) values (?,?,?,?,?,?,?,default)
]]></system-out>
  </testcase>
  <testcase name="getBasePointByIdNotFound" classname="ru.geekbrains.geocatalog.controller.BasePointControllerTest" time="0.055">
    <system-out><![CDATA[Hibernate: select bp1_0.id,bp1_0.accuracy_class,bp1_0.coordinate_system,bp1_0.name,bp1_0.sheet,bp1_0.x,bp1_0.y,bp1_0.z from points bp1_0
Hibernate: delete from points where id=?
Hibernate: insert into points (accuracy_class,coordinate_system,name,sheet,x,y,z,id) values (?,?,?,?,?,?,?,default)
Hibernate: insert into points (accuracy_class,coordinate_system,name,sheet,x,y,z,id) values (?,?,?,?,?,?,?,default)
Hibernate: select bp1_0.id,bp1_0.accuracy_class,bp1_0.coordinate_system,bp1_0.name,bp1_0.sheet,bp1_0.x,bp1_0.y,bp1_0.z from points bp1_0 where bp1_0.id=?
]]></system-out>
  </testcase>
  <testcase name="getBasePointByIdTestSuccess" classname="ru.geekbrains.geocatalog.controller.BasePointControllerTest" time="0.022">
    <system-out><![CDATA[Hibernate: select bp1_0.id,bp1_0.accuracy_class,bp1_0.coordinate_system,bp1_0.name,bp1_0.sheet,bp1_0.x,bp1_0.y,bp1_0.z from points bp1_0
Hibernate: delete from points where id=?
Hibernate: delete from points where id=?
Hibernate: insert into points (accuracy_class,coordinate_system,name,sheet,x,y,z,id) values (?,?,?,?,?,?,?,default)
Hibernate: select bp1_0.id,bp1_0.accuracy_class,bp1_0.coordinate_system,bp1_0.name,bp1_0.sheet,bp1_0.x,bp1_0.y,bp1_0.z from points bp1_0 where bp1_0.id=?
]]></system-out>
  </testcase>
  <testcase name="getBasePointByNameNotFound" classname="ru.geekbrains.geocatalog.controller.BasePointControllerTest" time="0.047">
    <system-out><![CDATA[Hibernate: select bp1_0.id,bp1_0.accuracy_class,bp1_0.coordinate_system,bp1_0.name,bp1_0.sheet,bp1_0.x,bp1_0.y,bp1_0.z from points bp1_0
Hibernate: delete from points where id=?
Hibernate: insert into points (accuracy_class,coordinate_system,name,sheet,x,y,z,id) values (?,?,?,?,?,?,?,default)
Hibernate: insert into points (accuracy_class,coordinate_system,name,sheet,x,y,z,id) values (?,?,?,?,?,?,?,default)
Hibernate: select bp1_0.id,bp1_0.accuracy_class,bp1_0.coordinate_system,bp1_0.name,bp1_0.sheet,bp1_0.x,bp1_0.y,bp1_0.z from points bp1_0 where bp1_0.name like ? escape ''
]]></system-out>
  </testcase>
  <testcase name="getByAreaTest" classname="ru.geekbrains.geocatalog.controller.BasePointControllerTest" time="0.203">
    <system-out><![CDATA[Hibernate: select bp1_0.id,bp1_0.accuracy_class,bp1_0.coordinate_system,bp1_0.name,bp1_0.sheet,bp1_0.x,bp1_0.y,bp1_0.z from points bp1_0
Hibernate: delete from points where id=?
Hibernate: delete from points where id=?
Hibernate: insert into points (accuracy_class,coordinate_system,name,sheet,x,y,z,id) values (?,?,?,?,?,?,?,default)
Hibernate: select bp1_0.id,bp1_0.accuracy_class,bp1_0.coordinate_system,bp1_0.name,bp1_0.sheet,bp1_0.x,bp1_0.y,bp1_0.z from points bp1_0 where (bp1_0.x between ? and ?) and (bp1_0.y between ? and ?)
Hibernate: select bp1_0.id,bp1_0.accuracy_class,bp1_0.coordinate_system,bp1_0.name,bp1_0.sheet,bp1_0.x,bp1_0.y,bp1_0.z from points bp1_0 where bp1_0.id=?
Hibernate: insert into points (accuracy_class,coordinate_system,name,sheet,x,y,z,id) values (?,?,?,?,?,?,?,default)
Hibernate: select bp1_0.id,bp1_0.accuracy_class,bp1_0.coordinate_system,bp1_0.name,bp1_0.sheet,bp1_0.x,bp1_0.y,bp1_0.z from points bp1_0 where (bp1_0.x between ? and ?) and (bp1_0.y between ? and ?)
Hibernate: select bp1_0.id,bp1_0.accuracy_class,bp1_0.coordinate_system,bp1_0.name,bp1_0.sheet,bp1_0.x,bp1_0.y,bp1_0.z from points bp1_0 where bp1_0.id=?
Hibernate: select bp1_0.id,bp1_0.accuracy_class,bp1_0.coordinate_system,bp1_0.name,bp1_0.sheet,bp1_0.x,bp1_0.y,bp1_0.z from points bp1_0 where bp1_0.id=?
Hibernate: insert into points (accuracy_class,coordinate_system,name,sheet,x,y,z,id) values (?,?,?,?,?,?,?,default)
Hibernate: select bp1_0.id,bp1_0.accuracy_class,bp1_0.coordinate_system,bp1_0.name,bp1_0.sheet,bp1_0.x,bp1_0.y,bp1_0.z from points bp1_0 where (bp1_0.x between ? and ?) and (bp1_0.y between ? and ?)
Hibernate: select bp1_0.id,bp1_0.accuracy_class,bp1_0.coordinate_system,bp1_0.name,bp1_0.sheet,bp1_0.x,bp1_0.y,bp1_0.z from points bp1_0 where bp1_0.id=?
Hibernate: select bp1_0.id,bp1_0.accuracy_class,bp1_0.coordinate_system,bp1_0.name,bp1_0.sheet,bp1_0.x,bp1_0.y,bp1_0.z from points bp1_0 where bp1_0.id=?
Hibernate: select bp1_0.id,bp1_0.accuracy_class,bp1_0.coordinate_system,bp1_0.name,bp1_0.sheet,bp1_0.x,bp1_0.y,bp1_0.z from points bp1_0 where bp1_0.id=?
Hibernate: insert into points (accuracy_class,coordinate_system,name,sheet,x,y,z,id) values (?,?,?,?,?,?,?,default)
Hibernate: select bp1_0.id,bp1_0.accuracy_class,bp1_0.coordinate_system,bp1_0.name,bp1_0.sheet,bp1_0.x,bp1_0.y,bp1_0.z from points bp1_0 where (bp1_0.x between ? and ?) and (bp1_0.y between ? and ?)
Hibernate: select bp1_0.id,bp1_0.accuracy_class,bp1_0.coordinate_system,bp1_0.name,bp1_0.sheet,bp1_0.x,bp1_0.y,bp1_0.z from points bp1_0 where bp1_0.id=?
Hibernate: select bp1_0.id,bp1_0.accuracy_class,bp1_0.coordinate_system,bp1_0.name,bp1_0.sheet,bp1_0.x,bp1_0.y,bp1_0.z from points bp1_0 where bp1_0.id=?
Hibernate: select bp1_0.id,bp1_0.accuracy_class,bp1_0.coordinate_system,bp1_0.name,bp1_0.sheet,bp1_0.x,bp1_0.y,bp1_0.z from points bp1_0 where bp1_0.id=?
Hibernate: select bp1_0.id,bp1_0.accuracy_class,bp1_0.coordinate_system,bp1_0.name,bp1_0.sheet,bp1_0.x,bp1_0.y,bp1_0.z from points bp1_0 where bp1_0.id=?
Hibernate: insert into points (accuracy_class,coordinate_system,name,sheet,x,y,z,id) values (?,?,?,?,?,?,?,default)
Hibernate: select bp1_0.id,bp1_0.accuracy_class,bp1_0.coordinate_system,bp1_0.name,bp1_0.sheet,bp1_0.x,bp1_0.y,bp1_0.z from points bp1_0 where (bp1_0.x between ? and ?) and (bp1_0.y between ? and ?)
Hibernate: select bp1_0.id,bp1_0.accuracy_class,bp1_0.coordinate_system,bp1_0.name,bp1_0.sheet,bp1_0.x,bp1_0.y,bp1_0.z from points bp1_0 where bp1_0.id=?
Hibernate: select bp1_0.id,bp1_0.accuracy_class,bp1_0.coordinate_system,bp1_0.name,bp1_0.sheet,bp1_0.x,bp1_0.y,bp1_0.z from points bp1_0 where bp1_0.id=?
Hibernate: select bp1_0.id,bp1_0.accuracy_class,bp1_0.coordinate_system,bp1_0.name,bp1_0.sheet,bp1_0.x,bp1_0.y,bp1_0.z from points bp1_0 where bp1_0.id=?
Hibernate: select bp1_0.id,bp1_0.accuracy_class,bp1_0.coordinate_system,bp1_0.name,bp1_0.sheet,bp1_0.x,bp1_0.y,bp1_0.z from points bp1_0 where bp1_0.id=?
Hibernate: select bp1_0.id,bp1_0.accuracy_class,bp1_0.coordinate_system,bp1_0.name,bp1_0.sheet,bp1_0.x,bp1_0.y,bp1_0.z from points bp1_0 where bp1_0.id=?
Hibernate: insert into points (accuracy_class,coordinate_system,name,sheet,x,y,z,id) values (?,?,?,?,?,?,?,default)
Hibernate: select bp1_0.id,bp1_0.accuracy_class,bp1_0.coordinate_system,bp1_0.name,bp1_0.sheet,bp1_0.x,bp1_0.y,bp1_0.z from points bp1_0 where (bp1_0.x between ? and ?) and (bp1_0.y between ? and ?)
Hibernate: select bp1_0.id,bp1_0.accuracy_class,bp1_0.coordinate_system,bp1_0.name,bp1_0.sheet,bp1_0.x,bp1_0.y,bp1_0.z from points bp1_0 where bp1_0.id=?
Hibernate: select bp1_0.id,bp1_0.accuracy_class,bp1_0.coordinate_system,bp1_0.name,bp1_0.sheet,bp1_0.x,bp1_0.y,bp1_0.z from points bp1_0 where bp1_0.id=?
Hibernate: select bp1_0.id,bp1_0.accuracy_class,bp1_0.coordinate_system,bp1_0.name,bp1_0.sheet,bp1_0.x,bp1_0.y,bp1_0.z from points bp1_0 where bp1_0.id=?
Hibernate: select bp1_0.id,bp1_0.accuracy_class,bp1_0.coordinate_system,bp1_0.name,bp1_0.sheet,bp1_0.x,bp1_0.y,bp1_0.z from points bp1_0 where bp1_0.id=?
Hibernate: select bp1_0.id,bp1_0.accuracy_class,bp1_0.coordinate_system,bp1_0.name,bp1_0.sheet,bp1_0.x,bp1_0.y,bp1_0.z from points bp1_0 where bp1_0.id=?
Hibernate: select bp1_0.id,bp1_0.accuracy_class,bp1_0.coordinate_system,bp1_0.name,bp1_0.sheet,bp1_0.x,bp1_0.y,bp1_0.z from points bp1_0 where bp1_0.id=?
Hibernate: insert into points (accuracy_class,coordinate_system,name,sheet,x,y,z,id) values (?,?,?,?,?,?,?,default)
Hibernate: select bp1_0.id,bp1_0.accuracy_class,bp1_0.coordinate_system,bp1_0.name,bp1_0.sheet,bp1_0.x,bp1_0.y,bp1_0.z from points bp1_0 where (bp1_0.x between ? and ?) and (bp1_0.y between ? and ?)
Hibernate: select bp1_0.id,bp1_0.accuracy_class,bp1_0.coordinate_system,bp1_0.name,bp1_0.sheet,bp1_0.x,bp1_0.y,bp1_0.z from points bp1_0 where bp1_0.id=?
Hibernate: select bp1_0.id,bp1_0.accuracy_class,bp1_0.coordinate_system,bp1_0.name,bp1_0.sheet,bp1_0.x,bp1_0.y,bp1_0.z from points bp1_0 where bp1_0.id=?
Hibernate: select bp1_0.id,bp1_0.accuracy_class,bp1_0.coordinate_system,bp1_0.name,bp1_0.sheet,bp1_0.x,bp1_0.y,bp1_0.z from points bp1_0 where bp1_0.id=?
Hibernate: select bp1_0.id,bp1_0.accuracy_class,bp1_0.coordinate_system,bp1_0.name,bp1_0.sheet,bp1_0.x,bp1_0.y,bp1_0.z from points bp1_0 where bp1_0.id=?
Hibernate: select bp1_0.id,bp1_0.accuracy_class,bp1_0.coordinate_system,bp1_0.name,bp1_0.sheet,bp1_0.x,bp1_0.y,bp1_0.z from points bp1_0 where bp1_0.id=?
Hibernate: select bp1_0.id,bp1_0.accuracy_class,bp1_0.coordinate_system,bp1_0.name,bp1_0.sheet,bp1_0.x,bp1_0.y,bp1_0.z from points bp1_0 where bp1_0.id=?
Hibernate: select bp1_0.id,bp1_0.accuracy_class,bp1_0.coordinate_system,bp1_0.name,bp1_0.sheet,bp1_0.x,bp1_0.y,bp1_0.z from points bp1_0 where bp1_0.id=?
Hibernate: insert into points (accuracy_class,coordinate_system,name,sheet,x,y,z,id) values (?,?,?,?,?,?,?,default)
Hibernate: select bp1_0.id,bp1_0.accuracy_class,bp1_0.coordinate_system,bp1_0.name,bp1_0.sheet,bp1_0.x,bp1_0.y,bp1_0.z from points bp1_0 where (bp1_0.x between ? and ?) and (bp1_0.y between ? and ?)
Hibernate: select bp1_0.id,bp1_0.accuracy_class,bp1_0.coordinate_system,bp1_0.name,bp1_0.sheet,bp1_0.x,bp1_0.y,bp1_0.z from points bp1_0 where bp1_0.id=?
Hibernate: select bp1_0.id,bp1_0.accuracy_class,bp1_0.coordinate_system,bp1_0.name,bp1_0.sheet,bp1_0.x,bp1_0.y,bp1_0.z from points bp1_0 where bp1_0.id=?
Hibernate: select bp1_0.id,bp1_0.accuracy_class,bp1_0.coordinate_system,bp1_0.name,bp1_0.sheet,bp1_0.x,bp1_0.y,bp1_0.z from points bp1_0 where bp1_0.id=?
Hibernate: select bp1_0.id,bp1_0.accuracy_class,bp1_0.coordinate_system,bp1_0.name,bp1_0.sheet,bp1_0.x,bp1_0.y,bp1_0.z from points bp1_0 where bp1_0.id=?
Hibernate: select bp1_0.id,bp1_0.accuracy_class,bp1_0.coordinate_system,bp1_0.name,bp1_0.sheet,bp1_0.x,bp1_0.y,bp1_0.z from points bp1_0 where bp1_0.id=?
Hibernate: select bp1_0.id,bp1_0.accuracy_class,bp1_0.coordinate_system,bp1_0.name,bp1_0.sheet,bp1_0.x,bp1_0.y,bp1_0.z from points bp1_0 where bp1_0.id=?
Hibernate: select bp1_0.id,bp1_0.accuracy_class,bp1_0.coordinate_system,bp1_0.name,bp1_0.sheet,bp1_0.x,bp1_0.y,bp1_0.z from points bp1_0 where bp1_0.id=?
Hibernate: select bp1_0.id,bp1_0.accuracy_class,bp1_0.coordinate_system,bp1_0.name,bp1_0.sheet,bp1_0.x,bp1_0.y,bp1_0.z from points bp1_0 where bp1_0.id=?
Hibernate: insert into points (accuracy_class,coordinate_system,name,sheet,x,y,z,id) values (?,?,?,?,?,?,?,default)
Hibernate: select bp1_0.id,bp1_0.accuracy_class,bp1_0.coordinate_system,bp1_0.name,bp1_0.sheet,bp1_0.x,bp1_0.y,bp1_0.z from points bp1_0 where (bp1_0.x between ? and ?) and (bp1_0.y between ? and ?)
Hibernate: select bp1_0.id,bp1_0.accuracy_class,bp1_0.coordinate_system,bp1_0.name,bp1_0.sheet,bp1_0.x,bp1_0.y,bp1_0.z from points bp1_0 where bp1_0.id=?
Hibernate: select bp1_0.id,bp1_0.accuracy_class,bp1_0.coordinate_system,bp1_0.name,bp1_0.sheet,bp1_0.x,bp1_0.y,bp1_0.z from points bp1_0 where bp1_0.id=?
Hibernate: select bp1_0.id,bp1_0.accuracy_class,bp1_0.coordinate_system,bp1_0.name,bp1_0.sheet,bp1_0.x,bp1_0.y,bp1_0.z from points bp1_0 where bp1_0.id=?
Hibernate: select bp1_0.id,bp1_0.accuracy_class,bp1_0.coordinate_system,bp1_0.name,bp1_0.sheet,bp1_0.x,bp1_0.y,bp1_0.z from points bp1_0 where bp1_0.id=?
Hibernate: select bp1_0.id,bp1_0.accuracy_class,bp1_0.coordinate_system,bp1_0.name,bp1_0.sheet,bp1_0.x,bp1_0.y,bp1_0.z from points bp1_0 where bp1_0.id=?
Hibernate: select bp1_0.id,bp1_0.accuracy_class,bp1_0.coordinate_system,bp1_0.name,bp1_0.sheet,bp1_0.x,bp1_0.y,bp1_0.z from points bp1_0 where bp1_0.id=?
Hibernate: select bp1_0.id,bp1_0.accuracy_class,bp1_0.coordinate_system,bp1_0.name,bp1_0.sheet,bp1_0.x,bp1_0.y,bp1_0.z from points bp1_0 where bp1_0.id=?
Hibernate: select bp1_0.id,bp1_0.accuracy_class,bp1_0.coordinate_system,bp1_0.name,bp1_0.sheet,bp1_0.x,bp1_0.y,bp1_0.z from points bp1_0 where bp1_0.id=?
Hibernate: select bp1_0.id,bp1_0.accuracy_class,bp1_0.coordinate_system,bp1_0.name,bp1_0.sheet,bp1_0.x,bp1_0.y,bp1_0.z from points bp1_0 where bp1_0.id=?
Hibernate: insert into points (accuracy_class,coordinate_system,name,sheet,x,y,z,id) values (?,?,?,?,?,?,?,default)
Hibernate: select bp1_0.id,bp1_0.accuracy_class,bp1_0.coordinate_system,bp1_0.name,bp1_0.sheet,bp1_0.x,bp1_0.y,bp1_0.z from points bp1_0 where (bp1_0.x between ? and ?) and (bp1_0.y between ? and ?)
]]></system-out>
  </testcase>
  <testcase name="getBasePointBySheetNotFound" classname="ru.geekbrains.geocatalog.controller.BasePointControllerTest" time="0.027">
    <system-out><![CDATA[Hibernate: select bp1_0.id,bp1_0.accuracy_class,bp1_0.coordinate_system,bp1_0.name,bp1_0.sheet,bp1_0.x,bp1_0.y,bp1_0.z from points bp1_0
Hibernate: delete from points where id=?
Hibernate: delete from points where id=?
Hibernate: delete from points where id=?
Hibernate: delete from points where id=?
Hibernate: delete from points where id=?
Hibernate: delete from points where id=?
Hibernate: delete from points where id=?
Hibernate: delete from points where id=?
Hibernate: delete from points where id=?
Hibernate: delete from points where id=?
Hibernate: insert into points (accuracy_class,coordinate_system,name,sheet,x,y,z,id) values (?,?,?,?,?,?,?,default)
Hibernate: insert into points (accuracy_class,coordinate_system,name,sheet,x,y,z,id) values (?,?,?,?,?,?,?,default)
Hibernate: select bp1_0.id,bp1_0.accuracy_class,bp1_0.coordinate_system,bp1_0.name,bp1_0.sheet,bp1_0.x,bp1_0.y,bp1_0.z from points bp1_0 where bp1_0.sheet like ? escape ''
]]></system-out>
  </testcase>
  <testcase name="updateBasePointTest" classname="ru.geekbrains.geocatalog.controller.BasePointControllerTest" time="0.032">
    <system-out><![CDATA[Hibernate: select bp1_0.id,bp1_0.accuracy_class,bp1_0.coordinate_system,bp1_0.name,bp1_0.sheet,bp1_0.x,bp1_0.y,bp1_0.z from points bp1_0
Hibernate: delete from points where id=?
Hibernate: delete from points where id=?
Hibernate: insert into points (accuracy_class,coordinate_system,name,sheet,x,y,z,id) values (?,?,?,?,?,?,?,default)
Hibernate: select bp1_0.id,bp1_0.accuracy_class,bp1_0.coordinate_system,bp1_0.name,bp1_0.sheet,bp1_0.x,bp1_0.y,bp1_0.z from points bp1_0 where bp1_0.id=?
Hibernate: update points set accuracy_class=?,coordinate_system=?,name=?,sheet=?,x=?,y=?,z=? where id=?
]]></system-out>
  </testcase>
  <testcase name="getBasePointBySheetTestSuccess" classname="ru.geekbrains.geocatalog.controller.BasePointControllerTest" time="0.023">
    <system-out><![CDATA[Hibernate: select bp1_0.id,bp1_0.accuracy_class,bp1_0.coordinate_system,bp1_0.name,bp1_0.sheet,bp1_0.x,bp1_0.y,bp1_0.z from points bp1_0
Hibernate: delete from points where id=?
Hibernate: insert into points (accuracy_class,coordinate_system,name,sheet,x,y,z,id) values (?,?,?,?,?,?,?,default)
Hibernate: insert into points (accuracy_class,coordinate_system,name,sheet,x,y,z,id) values (?,?,?,?,?,?,?,default)
Hibernate: select bp1_0.id,bp1_0.accuracy_class,bp1_0.coordinate_system,bp1_0.name,bp1_0.sheet,bp1_0.x,bp1_0.y,bp1_0.z from points bp1_0 where bp1_0.sheet like ? escape ''
]]></system-out>
  </testcase>
  <testcase name="removeBasePointByIdTest" classname="ru.geekbrains.geocatalog.controller.BasePointControllerTest" time="0.039">
    <system-out><![CDATA[Hibernate: select bp1_0.id,bp1_0.accuracy_class,bp1_0.coordinate_system,bp1_0.name,bp1_0.sheet,bp1_0.x,bp1_0.y,bp1_0.z from points bp1_0
Hibernate: delete from points where id=?
Hibernate: delete from points where id=?
Hibernate: insert into points (accuracy_class,coordinate_system,name,sheet,x,y,z,id) values (?,?,?,?,?,?,?,default)
Hibernate: select bp1_0.id,bp1_0.accuracy_class,bp1_0.coordinate_system,bp1_0.name,bp1_0.sheet,bp1_0.x,bp1_0.y,bp1_0.z from points bp1_0 where bp1_0.id=?
Hibernate: delete from points where id=?
]]></system-out>
  </testcase>
  <testcase name="getBasePointByNameTestSuccess" classname="ru.geekbrains.geocatalog.controller.BasePointControllerTest" time="0.016">
    <system-out><![CDATA[Hibernate: select bp1_0.id,bp1_0.accuracy_class,bp1_0.coordinate_system,bp1_0.name,bp1_0.sheet,bp1_0.x,bp1_0.y,bp1_0.z from points bp1_0
Hibernate: insert into points (accuracy_class,coordinate_system,name,sheet,x,y,z,id) values (?,?,?,?,?,?,?,default)
Hibernate: insert into points (accuracy_class,coordinate_system,name,sheet,x,y,z,id) values (?,?,?,?,?,?,?,default)
Hibernate: select bp1_0.id,bp1_0.accuracy_class,bp1_0.coordinate_system,bp1_0.name,bp1_0.sheet,bp1_0.x,bp1_0.y,bp1_0.z from points bp1_0 where bp1_0.name like ? escape ''
]]></system-out>
  </testcase>
</testsuite>